#
# There is insufficient memory for the Java Runtime Environment to continue.
# Native memory allocation (malloc) failed to allocate 1110752 bytes. Error detail: Chunk::new
# Possible reasons:
#   The system is out of physical RAM or swap space
#   This process is running with CompressedOops enabled, and the Java Heap may be blocking the growth of the native heap
# Possible solutions:
#   Reduce memory load on the system
#   Increase physical memory or swap space
#   Check if swap backing store is full
#   Decrease Java heap size (-Xmx/-Xms)
#   Decrease number of Java threads
#   Decrease Java thread stack sizes (-Xss)
#   Set larger code cache with -XX:ReservedCodeCacheSize=
#   JVM is running with Unscaled Compressed Oops mode in which the Java heap is
#     placed in the first 4GB address space. The Java Heap base address is the
#     maximum limit for the native heap growth. Please use -XX:HeapBaseMinAddress
#     to set the Java Heap base and to place the Java Heap above 4GB virtual address.
# This output file may be truncated or incomplete.
#
#  Out of Memory Error (arena.cpp:168), pid=3948, tid=6628
#
# JRE version: OpenJDK Runtime Environment Temurin-21.0.10+7 (21.0.10+7) (build 21.0.10+7-LTS)
# Java VM: OpenJDK 64-Bit Server VM Temurin-21.0.10+7 (21.0.10+7-LTS, mixed mode, sharing, tiered, compressed oops, compressed class ptrs, parallel gc, windows-amd64)
# No core dump will be written. Minidumps are not enabled by default on client versions of Windows
#

---------------  S U M M A R Y ------------

Command Line: --add-modules=ALL-SYSTEM --add-opens=java.base/java.util=ALL-UNNAMED --add-opens=java.base/java.lang=ALL-UNNAMED --add-opens=java.base/sun.nio.fs=ALL-UNNAMED -Declipse.application=org.eclipse.jdt.ls.core.id1 -Dosgi.bundles.defaultStartLevel=4 -Declipse.product=org.eclipse.jdt.ls.core.product -Djava.import.generatesMetadataFilesAtProjectRoot=false -DDetectVMInstallationsJob.disabled=true -Dfile.encoding=utf8 -XX:+UseParallelGC -XX:GCTimeRatio=4 -XX:AdaptiveSizePolicyWeight=90 -Dsun.zip.disableMemoryMapping=true -Xmx2G -Xms100m -Xlog:disable -javaagent:c:\Users\gessi\.vscode\extensions\redhat.java-1.54.0-win32-x64\lombok\lombok-1.18.39-4050.jar c:\Users\gessi\.vscode\extensions\redhat.java-1.54.0-win32-x64\server\plugins\org.eclipse.equinox.launcher_1.7.100.v20251111-0406.jar -configuration c:\Users\gessi\AppData\Roaming\Code\User\globalStorage\redhat.java\1.54.0\config_ss_win -data c:\Users\gessi\AppData\Roaming\Code\User\workspaceStorage\2daf82e2531b6eac9a93a908604aeab0\redhat.java\ss_ws --pipe=\\.\pipe\lsp-407d78b4be86de07ac93b162f1525c12-sock

Host: 13th Gen Intel(R) Core(TM) i7-1355U, 12 cores, 15G,  Windows 11 , 64 bit Build 26100 (10.0.26100.7920)
Time: Wed Apr 29 23:05:44 2026 Hora oficial do Brasil elapsed time: 15.794586 seconds (0d 0h 0m 15s)

---------------  T H R E A D  ---------------

Current thread (0x0000021867379be0):  JavaThread "C2 CompilerThread0" daemon [_thread_in_native, id=6628, stack(0x000000455a000000,0x000000455a100000) (1024K)]


Current CompileTask:
C2:15794 2558       4       java.lang.invoke.MethodType::makeImpl (109 bytes)

Stack: [0x000000455a000000,0x000000455a100000]
Native frames: (J=compiled Java code, j=interpreted, Vv=VM code, C=native code)
V  [jvm.dll+0x6d7a39]
V  [jvm.dll+0x8b4b26]
V  [jvm.dll+0x8b70de]
V  [jvm.dll+0x8b77c3]
V  [jvm.dll+0x284346]
V  [jvm.dll+0xc66ed]
V  [jvm.dll+0xc6c31]
V  [jvm.dll+0x3bec3b]
V  [jvm.dll+0x1e3d62]
V  [jvm.dll+0x24c6b3]
V  [jvm.dll+0x24bb40]
V  [jvm.dll+0x1cb34e]
V  [jvm.dll+0x25b85d]
V  [jvm.dll+0x259dea]
V  [jvm.dll+0x3f857e]
V  [jvm.dll+0x85f59d]
V  [jvm.dll+0x6d626d]
C  [ucrtbase.dll+0x37b0]
C  [KERNEL32.DLL+0x2e8d7]
C  [ntdll.dll+0x8c48c]


---------------  P R O C E S S  ---------------

Threads class SMR info:
_java_thread_list=0x000002186c7f7ec0, length=19, elements={
0x000002180d909f60, 0x00000218243bdbd0, 0x0000021867330080, 0x0000021867334830,
0x000002186733c5f0, 0x000002186735eec0, 0x000002186735fa50, 0x0000021867379be0,
0x000002186737f920, 0x0000021867575c60, 0x00000218676b4300, 0x0000021867e1aed0,
0x000002186c3e2010, 0x000002186c25a000, 0x0000021867d24df0, 0x000002186c2a01f0,
0x000002186c564a40, 0x000002186c565770, 0x000002186c517500
}

Java Threads: ( => current thread )
  0x000002180d909f60 JavaThread "main"                              [_thread_blocked, id=2476, stack(0x0000004559600000,0x0000004559700000) (1024K)]
  0x00000218243bdbd0 JavaThread "Reference Handler"          daemon [_thread_blocked, id=15432, stack(0x0000004559a00000,0x0000004559b00000) (1024K)]
  0x0000021867330080 JavaThread "Finalizer"                  daemon [_thread_blocked, id=15952, stack(0x0000004559b00000,0x0000004559c00000) (1024K)]
  0x0000021867334830 JavaThread "Signal Dispatcher"          daemon [_thread_blocked, id=9564, stack(0x0000004559c00000,0x0000004559d00000) (1024K)]
  0x000002186733c5f0 JavaThread "Attach Listener"            daemon [_thread_blocked, id=10132, stack(0x0000004559d00000,0x0000004559e00000) (1024K)]
  0x000002186735eec0 JavaThread "Service Thread"             daemon [_thread_blocked, id=18924, stack(0x0000004559e00000,0x0000004559f00000) (1024K)]
  0x000002186735fa50 JavaThread "Monitor Deflation Thread"   daemon [_thread_blocked, id=19620, stack(0x0000004559f00000,0x000000455a000000) (1024K)]
=>0x0000021867379be0 JavaThread "C2 CompilerThread0"         daemon [_thread_in_native, id=6628, stack(0x000000455a000000,0x000000455a100000) (1024K)]
  0x000002186737f920 JavaThread "C1 CompilerThread0"         daemon [_thread_blocked, id=4332, stack(0x000000455a100000,0x000000455a200000) (1024K)]
  0x0000021867575c60 JavaThread "Common-Cleaner"             daemon [_thread_blocked, id=24924, stack(0x000000455a300000,0x000000455a400000) (1024K)]
  0x00000218676b4300 JavaThread "Notification Thread"        daemon [_thread_blocked, id=23656, stack(0x000000455a400000,0x000000455a500000) (1024K)]
  0x0000021867e1aed0 JavaThread "Active Thread: Equinox Container: 48aa826c-1fd5-43da-b379-4da59a8345f6"        [_thread_blocked, id=6972, stack(0x000000455ac00000,0x000000455ad00000) (1024K)]
  0x000002186c3e2010 JavaThread "Framework Event Dispatcher: Equinox Container: 48aa826c-1fd5-43da-b379-4da59a8345f6" daemon [_thread_blocked, id=6916, stack(0x000000455ad00000,0x000000455ae00000) (1024K)]
  0x000002186c25a000 JavaThread "Start Level: Equinox Container: 48aa826c-1fd5-43da-b379-4da59a8345f6" daemon [_thread_in_native, id=19508, stack(0x000000455ae00000,0x000000455af00000) (1024K)]
  0x0000021867d24df0 JavaThread "SCR Component Actor"        daemon [_thread_blocked, id=6448, stack(0x000000455b000000,0x000000455b100000) (1024K)]
  0x000002186c2a01f0 JavaThread "Worker-JM"                         [_thread_blocked, id=5136, stack(0x000000455b100000,0x000000455b200000) (1024K)]
  0x000002186c564a40 JavaThread "JNA Cleaner"                daemon [_thread_blocked, id=17664, stack(0x000000455a200000,0x000000455a300000) (1024K)]
  0x000002186c565770 JavaThread "Worker-0"                          [_thread_blocked, id=8424, stack(0x000000455ab00000,0x000000455ac00000) (1024K)]
  0x000002186c517500 JavaThread "Worker-1"                          [_thread_blocked, id=13260, stack(0x000000455b400000,0x000000455b500000) (1024K)]
Total: 19

Other Threads:
  0x00000218243a4570 VMThread "VM Thread"                           [id=21644, stack(0x0000004559900000,0x0000004559a00000) (1024K)]
  0x000002182429c8d0 WatcherThread "VM Periodic Task Thread"        [id=17208, stack(0x0000004559800000,0x0000004559900000) (1024K)]
  0x000002180d929710 WorkerThread "GC Thread#0"                     [id=16256, stack(0x0000004559700000,0x0000004559800000) (1024K)]
  0x0000021867b0ad90 WorkerThread "GC Thread#1"                     [id=13264, stack(0x000000455a500000,0x000000455a600000) (1024K)]
  0x0000021867a34a40 WorkerThread "GC Thread#2"                     [id=7420, stack(0x000000455a600000,0x000000455a700000) (1024K)]
  0x0000021867cb1ac0 WorkerThread "GC Thread#3"                     [id=9772, stack(0x000000455a700000,0x000000455a800000) (1024K)]
  0x0000021867b669e0 WorkerThread "GC Thread#4"                     [id=8152, stack(0x000000455a800000,0x000000455a900000) (1024K)]
  0x0000021867cb1e70 WorkerThread "GC Thread#5"                     [id=18524, stack(0x000000455a900000,0x000000455aa00000) (1024K)]
  0x0000021867d40180 WorkerThread "GC Thread#6"                     [id=16088, stack(0x000000455aa00000,0x000000455ab00000) (1024K)]
  0x0000021867f1db00 WorkerThread "GC Thread#7"                     [id=20228, stack(0x000000455af00000,0x000000455b000000) (1024K)]
  0x000002186735a570 WorkerThread "GC Thread#8"                     [id=20284, stack(0x000000455b200000,0x000000455b300000) (1024K)]
  0x0000021867ce91a0 WorkerThread "GC Thread#9"                     [id=12160, stack(0x000000455b300000,0x000000455b400000) (1024K)]
Total: 12

Threads with active compile tasks:
C2 CompilerThread0  15815 2558       4       java.lang.invoke.MethodType::makeImpl (109 bytes)
Total: 1

VM state: not at safepoint (normal execution)

VM Mutex/Monitor currently owned by a thread: None

Heap address: 0x0000000080000000, size: 2048 MB, Compressed Oops mode: 32-bit

CDS archive(s) mapped at: [0x0000021825000000-0x0000021825ba0000-0x0000021825ba0000), size 12189696, SharedBaseAddress: 0x0000021825000000, ArchiveRelocationMode: 1.
Compressed class space mapped at: 0x0000021826000000-0x0000021866000000, reserved size: 1073741824
Narrow klass base: 0x0000021825000000, Narrow klass shift: 0, Narrow klass range: 0x100000000

GC Precious Log:
 CardTable entry size: 512
 CPUs: 12 total, 12 available
 Memory: 16067M
 Large Page Support: Disabled
 NUMA Support: Disabled
 Compressed Oops: Enabled (32-bit)
 Alignments: Space 512K, Generation 512K, Heap 2M
 Heap Min Capacity: 100M
 Heap Initial Capacity: 100M
 Heap Max Capacity: 2G
 Pre-touch: Disabled
 Parallel Workers: 10

Heap:
 PSYoungGen      total 29696K, used 16687K [0x00000000d5580000, 0x00000000d7680000, 0x0000000100000000)
  eden space 25600K, 49% used [0x00000000d5580000,0x00000000d61cd340,0x00000000d6e80000)
  from space 4096K, 99% used [0x00000000d7280000,0x00000000d767eb28,0x00000000d7680000)
  to   space 4096K, 0% used [0x00000000d6e80000,0x00000000d6e80000,0x00000000d7280000)
 ParOldGen       total 68608K, used 4492K [0x0000000080000000, 0x0000000084300000, 0x00000000d5580000)
  object space 68608K, 6% used [0x0000000080000000,0x0000000080463358,0x0000000084300000)
 Metaspace       used 17663K, committed 18304K, reserved 1114112K
  class space    used 1843K, committed 2176K, reserved 1048576K

Card table byte_map: [0x000002180d2b0000,0x000002180d6c0000] _byte_map_base: 0x000002180ceb0000

Marking Bits: (ParMarkBitMap*) 0x00007fff57d83450
 Begin Bits: [0x000002181fdc0000, 0x0000021821dc0000)
 End Bits:   [0x0000021821dc0000, 0x0000021823dc0000)

Polling page: 0x000002180bb40000

Metaspace:

Usage:
  Non-class:     15.46 MB used.
      Class:      1.80 MB used.
       Both:     17.26 MB used.

Virtual space:
  Non-class space:       64.00 MB reserved,      15.75 MB ( 25%) committed,  1 nodes.
      Class space:        1.00 GB reserved,       2.12 MB ( <1%) committed,  1 nodes.
             Both:        1.06 GB reserved,      17.88 MB (  2%) committed. 

Chunk freelists:
   Non-Class:  15.75 MB
       Class:  13.73 MB
        Both:  29.48 MB

MaxMetaspaceSize: unlimited
CompressedClassSpaceSize: 1.00 GB
Initial GC threshold: 21.00 MB
Current GC threshold: 21.00 MB
CDS: on
 - commit_granule_bytes: 65536.
 - commit_granule_words: 8192.
 - virtual_space_node_default_size: 8388608.
 - enlarge_chunks_in_place: 1.
 - use_allocation_guard: 0.


Internal statistics:

num_allocs_failed_limit: 0.
num_arena_births: 502.
num_arena_deaths: 0.
num_vsnodes_births: 2.
num_vsnodes_deaths: 0.
num_space_committed: 286.
num_space_uncommitted: 0.
num_chunks_returned_to_freelist: 0.
num_chunks_taken_from_freelist: 1168.
num_chunk_merges: 0.
num_chunk_splits: 724.
num_chunks_enlarged: 461.
num_inconsistent_stats: 0.

CodeHeap 'non-profiled nmethods': size=120000Kb used=1158Kb max_used=1158Kb free=118841Kb
 bounds [0x00000218185e0000, 0x0000021818850000, 0x000002181fb10000]
CodeHeap 'profiled nmethods': size=120000Kb used=4908Kb max_used=4908Kb free=115091Kb
 bounds [0x0000021810b10000, 0x0000021810fe0000, 0x0000021818040000]
CodeHeap 'non-nmethods': size=5760Kb used=1274Kb max_used=1302Kb free=4485Kb
 bounds [0x0000021818040000, 0x00000218182b0000, 0x00000218185e0000]
CodeCache: size=245760Kb, used=7340Kb, max_used=7368Kb, free=238417Kb
 total_blobs=3204, nmethods=2655, adapters=455, full_count=0
Compilation: enabled, stopped_count=0, restarted_count=0

Compilation events (20 events):
Event: 12.777 Thread 0x000002186737f920 2624       3       org.lombokweb.asm.MethodWriter::hasFrames (13 bytes)
Event: 12.777 Thread 0x000002186737f920 nmethod 2624 0x0000021810fd8c10 code [0x0000021810fd8da0, 0x0000021810fd8f00]
Event: 12.777 Thread 0x000002186737f920 2615       3       org.lombokweb.asm.ClassVisitor::visitMethod (24 bytes)
Event: 12.777 Thread 0x000002186737f920 nmethod 2615 0x0000021810fd8f90 code [0x0000021810fd9140, 0x0000021810fd9378]
Event: 12.777 Thread 0x000002186737f920 2619       3       lombok.patcher.MethodTarget::matches (29 bytes)
Event: 12.777 Thread 0x000002186737f920 nmethod 2619 0x0000021810fd9490 code [0x0000021810fd96a0, 0x0000021810fd9a68]
Event: 12.777 Thread 0x000002186737f920 2613       1       lombok.patcher.Hook::getMethodName (5 bytes)
Event: 12.777 Thread 0x000002186737f920 nmethod 2613 0x0000021818701090 code [0x0000021818701220, 0x00000218187012e8]
Event: 12.803 Thread 0x000002186737f920 2653       1       java.lang.invoke.MethodHandleImpl$IntrinsicMethodHandle::getTarget (5 bytes)
Event: 12.803 Thread 0x000002186737f920 nmethod 2653 0x0000021818701390 code [0x0000021818701520, 0x00000218187015e8]
Event: 12.819 Thread 0x000002186737f920 2654       3       java.util.HashSet::isEmpty (8 bytes)
Event: 12.820 Thread 0x000002186737f920 nmethod 2654 0x0000021810fd9c90 code [0x0000021810fd9e40, 0x0000021810fda088]
Event: 12.820 Thread 0x000002186737f920 2655       1       org.eclipse.core.internal.jobs.InternalJob::previous (5 bytes)
Event: 12.820 Thread 0x000002186737f920 nmethod 2655 0x0000021818701690 code [0x0000021818701820, 0x00000218187018e8]
Event: 13.345 Thread 0x000002186737f920 2656       3       java.lang.Thread::onSpinWait (1 bytes)
Event: 13.345 Thread 0x000002186737f920 nmethod 2656 0x0000021810fda190 code [0x0000021810fda320, 0x0000021810fda408]
Event: 13.582 Thread 0x000002186737f920 2657       3       java.lang.Thread::isVirtual (5 bytes)
Event: 13.582 Thread 0x000002186737f920 nmethod 2657 0x0000021810fda490 code [0x0000021810fda640, 0x0000021810fda848]
Event: 13.635 Thread 0x000002186737f920 2658       3       jdk.internal.misc.Unsafe::putReferenceOpaque (9 bytes)
Event: 13.636 Thread 0x000002186737f920 nmethod 2658 0x0000021810fda910 code [0x0000021810fdaaa0, 0x0000021810fdabd0]

GC Heap History (8 events):
Event: 1.876 GC heap before
{Heap before GC invocations=1 (full 0):
 PSYoungGen      total 29696K, used 25600K [0x00000000d5580000, 0x00000000d7680000, 0x0000000100000000)
  eden space 25600K, 100% used [0x00000000d5580000,0x00000000d6e80000,0x00000000d6e80000)
  from space 4096K, 0% used [0x00000000d7280000,0x00000000d7280000,0x00000000d7680000)
  to   space 4096K, 0% used [0x00000000d6e80000,0x00000000d6e80000,0x00000000d7280000)
 ParOldGen       total 68608K, used 0K [0x0000000080000000, 0x0000000084300000, 0x00000000d5580000)
  object space 68608K, 0% used [0x0000000080000000,0x0000000080000000,0x0000000084300000)
 Metaspace       used 4357K, committed 4608K, reserved 1114112K
  class space    used 474K, committed 576K, reserved 1048576K
}
Event: 1.883 GC heap after
{Heap after GC invocations=1 (full 0):
 PSYoungGen      total 29696K, used 3271K [0x00000000d5580000, 0x00000000d7680000, 0x0000000100000000)
  eden space 25600K, 0% used [0x00000000d5580000,0x00000000d5580000,0x00000000d6e80000)
  from space 4096K, 79% used [0x00000000d6e80000,0x00000000d71b1e98,0x00000000d7280000)
  to   space 4096K, 0% used [0x00000000d7280000,0x00000000d7280000,0x00000000d7680000)
 ParOldGen       total 68608K, used 16K [0x0000000080000000, 0x0000000084300000, 0x00000000d5580000)
  object space 68608K, 0% used [0x0000000080000000,0x0000000080004000,0x0000000084300000)
 Metaspace       used 4357K, committed 4608K, reserved 1114112K
  class space    used 474K, committed 576K, reserved 1048576K
}
Event: 2.597 GC heap before
{Heap before GC invocations=2 (full 0):
 PSYoungGen      total 29696K, used 28871K [0x00000000d5580000, 0x00000000d7680000, 0x0000000100000000)
  eden space 25600K, 100% used [0x00000000d5580000,0x00000000d6e80000,0x00000000d6e80000)
  from space 4096K, 79% used [0x00000000d6e80000,0x00000000d71b1e98,0x00000000d7280000)
  to   space 4096K, 0% used [0x00000000d7280000,0x00000000d7280000,0x00000000d7680000)
 ParOldGen       total 68608K, used 16K [0x0000000080000000, 0x0000000084300000, 0x00000000d5580000)
  object space 68608K, 0% used [0x0000000080000000,0x0000000080004000,0x0000000084300000)
 Metaspace       used 8164K, committed 8448K, reserved 1114112K
  class space    used 870K, committed 1024K, reserved 1048576K
}
Event: 2.603 GC heap after
{Heap after GC invocations=2 (full 0):
 PSYoungGen      total 29696K, used 4092K [0x00000000d5580000, 0x00000000d7680000, 0x0000000100000000)
  eden space 25600K, 0% used [0x00000000d5580000,0x00000000d5580000,0x00000000d6e80000)
  from space 4096K, 99% used [0x00000000d7280000,0x00000000d767f008,0x00000000d7680000)
  to   space 4096K, 0% used [0x00000000d6e80000,0x00000000d6e80000,0x00000000d7280000)
 ParOldGen       total 68608K, used 1151K [0x0000000080000000, 0x0000000084300000, 0x00000000d5580000)
  object space 68608K, 1% used [0x0000000080000000,0x000000008011feb8,0x0000000084300000)
 Metaspace       used 8164K, committed 8448K, reserved 1114112K
  class space    used 870K, committed 1024K, reserved 1048576K
}
Event: 3.013 GC heap before
{Heap before GC invocations=3 (full 0):
 PSYoungGen      total 29696K, used 29692K [0x00000000d5580000, 0x00000000d7680000, 0x0000000100000000)
  eden space 25600K, 100% used [0x00000000d5580000,0x00000000d6e80000,0x00000000d6e80000)
  from space 4096K, 99% used [0x00000000d7280000,0x00000000d767f008,0x00000000d7680000)
  to   space 4096K, 0% used [0x00000000d6e80000,0x00000000d6e80000,0x00000000d7280000)
 ParOldGen       total 68608K, used 1151K [0x0000000080000000, 0x0000000084300000, 0x00000000d5580000)
  object space 68608K, 1% used [0x0000000080000000,0x000000008011feb8,0x0000000084300000)
 Metaspace       used 12980K, committed 13504K, reserved 1114112K
  class space    used 1381K, committed 1600K, reserved 1048576K
}
Event: 3.018 GC heap after
{Heap after GC invocations=3 (full 0):
 PSYoungGen      total 29696K, used 4082K [0x00000000d5580000, 0x00000000d7680000, 0x0000000100000000)
  eden space 25600K, 0% used [0x00000000d5580000,0x00000000d5580000,0x00000000d6e80000)
  from space 4096K, 99% used [0x00000000d6e80000,0x00000000d727c890,0x00000000d7280000)
  to   space 4096K, 0% used [0x00000000d7280000,0x00000000d7280000,0x00000000d7680000)
 ParOldGen       total 68608K, used 2919K [0x0000000080000000, 0x0000000084300000, 0x00000000d5580000)
  object space 68608K, 4% used [0x0000000080000000,0x00000000802d9fb0,0x0000000084300000)
 Metaspace       used 12980K, committed 13504K, reserved 1114112K
  class space    used 1381K, committed 1600K, reserved 1048576K
}
Event: 12.727 GC heap before
{Heap before GC invocations=4 (full 0):
 PSYoungGen      total 29696K, used 29682K [0x00000000d5580000, 0x00000000d7680000, 0x0000000100000000)
  eden space 25600K, 100% used [0x00000000d5580000,0x00000000d6e80000,0x00000000d6e80000)
  from space 4096K, 99% used [0x00000000d6e80000,0x00000000d727c890,0x00000000d7280000)
  to   space 4096K, 0% used [0x00000000d7280000,0x00000000d7280000,0x00000000d7680000)
 ParOldGen       total 68608K, used 2919K [0x0000000080000000, 0x0000000084300000, 0x00000000d5580000)
  object space 68608K, 4% used [0x0000000080000000,0x00000000802d9fb0,0x0000000084300000)
 Metaspace       used 17152K, committed 17792K, reserved 1114112K
  class space    used 1808K, committed 2112K, reserved 1048576K
}
Event: 12.734 GC heap after
{Heap after GC invocations=4 (full 0):
 PSYoungGen      total 29696K, used 4090K [0x00000000d5580000, 0x00000000d7680000, 0x0000000100000000)
  eden space 25600K, 0% used [0x00000000d5580000,0x00000000d5580000,0x00000000d6e80000)
  from space 4096K, 99% used [0x00000000d7280000,0x00000000d767eb28,0x00000000d7680000)
  to   space 4096K, 0% used [0x00000000d6e80000,0x00000000d6e80000,0x00000000d7280000)
 ParOldGen       total 68608K, used 4492K [0x0000000080000000, 0x0000000084300000, 0x00000000d5580000)
  object space 68608K, 6% used [0x0000000080000000,0x0000000080463358,0x0000000084300000)
 Metaspace       used 17152K, committed 17792K, reserved 1114112K
  class space    used 1808K, committed 2112K, reserved 1048576K
}

Dll operation events (10 events):
Event: 0.012 Loaded shared library c:\Users\gessi\.vscode\extensions\redhat.java-1.54.0-win32-x64\jre\21.0.10-win32-x86_64\bin\java.dll
Event: 0.080 Loaded shared library c:\Users\gessi\.vscode\extensions\redhat.java-1.54.0-win32-x64\jre\21.0.10-win32-x86_64\bin\zip.dll
Event: 0.103 Loaded shared library C:\Users\gessi\.vscode\extensions\redhat.java-1.54.0-win32-x64\jre\21.0.10-win32-x86_64\bin\instrument.dll
Event: 0.107 Loaded shared library C:\Users\gessi\.vscode\extensions\redhat.java-1.54.0-win32-x64\jre\21.0.10-win32-x86_64\bin\net.dll
Event: 0.109 Loaded shared library C:\Users\gessi\.vscode\extensions\redhat.java-1.54.0-win32-x64\jre\21.0.10-win32-x86_64\bin\nio.dll
Event: 0.112 Loaded shared library C:\Users\gessi\.vscode\extensions\redhat.java-1.54.0-win32-x64\jre\21.0.10-win32-x86_64\bin\zip.dll
Event: 0.128 Loaded shared library C:\Users\gessi\.vscode\extensions\redhat.java-1.54.0-win32-x64\jre\21.0.10-win32-x86_64\bin\jimage.dll
Event: 0.208 Loaded shared library c:\Users\gessi\.vscode\extensions\redhat.java-1.54.0-win32-x64\jre\21.0.10-win32-x86_64\bin\verify.dll
Event: 2.577 Loaded shared library C:\Users\gessi\AppData\Roaming\Code\User\globalStorage\redhat.java\1.54.0\config_ss_win\org.eclipse.equinox.launcher\org.eclipse.equinox.launcher.win32.win32.x86_64_1.3.0.v20260203-2149\eclipse_11919.dll
Event: 4.401 Loaded shared library C:\Users\gessi\AppData\Local\Temp\jna-98245739\jna17527724926633355155.dll

Deoptimization events (20 events):
Event: 4.563 Thread 0x000002186c25a000 Uncommon trap: trap_request=0xffffff45 fr.pc=0x00000218186e0ec0 relative=0x0000000000000b00
Event: 4.563 Thread 0x000002186c25a000 Uncommon trap: reason=unstable_if action=reinterpret pc=0x00000218186e0ec0 method=jdk.internal.org.objectweb.asm.Frame.execute(IILjdk/internal/org/objectweb/asm/Symbol;Ljdk/internal/org/objectweb/asm/SymbolTable;)V @ 1 c2
Event: 4.563 Thread 0x000002186c25a000 DEOPT PACKING pc=0x00000218186e0ec0 sp=0x000000455aef82e0
Event: 4.563 Thread 0x000002186c25a000 DEOPT UNPACKING pc=0x0000021818093aa2 sp=0x000000455aef8268 mode 2
Event: 4.584 Thread 0x000002186c25a000 Uncommon trap: trap_request=0xffffffde fr.pc=0x00000218186d8094 relative=0x00000000000003b4
Event: 4.584 Thread 0x000002186c25a000 Uncommon trap: reason=class_check action=maybe_recompile pc=0x00000218186d8094 method=java.util.regex.Pattern$BmpCharPropertyGreedy.match(Ljava/util/regex/Matcher;ILjava/lang/CharSequence;)Z @ 70 c2
Event: 4.584 Thread 0x000002186c25a000 DEOPT PACKING pc=0x00000218186d8094 sp=0x000000455aeefa90
Event: 6.587 Thread 0x000002186c25a000 DEOPT UNPACKING pc=0x0000021818093aa2 sp=0x000000455aeefa38 mode 2
Event: 6.590 Thread 0x000002186c25a000 Uncommon trap: trap_request=0xffffffde fr.pc=0x00000218186d8094 relative=0x00000000000003b4
Event: 6.590 Thread 0x000002186c25a000 Uncommon trap: reason=class_check action=maybe_recompile pc=0x00000218186d8094 method=java.util.regex.Pattern$BmpCharPropertyGreedy.match(Ljava/util/regex/Matcher;ILjava/lang/CharSequence;)Z @ 70 c2
Event: 6.590 Thread 0x000002186c25a000 DEOPT PACKING pc=0x00000218186d8094 sp=0x000000455aeef8e0
Event: 6.590 Thread 0x000002186c25a000 DEOPT UNPACKING pc=0x0000021818093aa2 sp=0x000000455aeef888 mode 2
Event: 6.590 Thread 0x000002186c25a000 Uncommon trap: trap_request=0xffffffde fr.pc=0x00000218186d8094 relative=0x00000000000003b4
Event: 6.590 Thread 0x000002186c25a000 Uncommon trap: reason=class_check action=maybe_recompile pc=0x00000218186d8094 method=java.util.regex.Pattern$BmpCharPropertyGreedy.match(Ljava/util/regex/Matcher;ILjava/lang/CharSequence;)Z @ 70 c2
Event: 6.590 Thread 0x000002186c25a000 DEOPT PACKING pc=0x00000218186d8094 sp=0x000000455aeefaa0
Event: 6.590 Thread 0x000002186c25a000 DEOPT UNPACKING pc=0x0000021818093aa2 sp=0x000000455aeefa48 mode 2
Event: 6.590 Thread 0x000002186c25a000 Uncommon trap: trap_request=0xffffffde fr.pc=0x00000218186d8094 relative=0x00000000000003b4
Event: 6.590 Thread 0x000002186c25a000 Uncommon trap: reason=class_check action=maybe_recompile pc=0x00000218186d8094 method=java.util.regex.Pattern$BmpCharPropertyGreedy.match(Ljava/util/regex/Matcher;ILjava/lang/CharSequence;)Z @ 70 c2
Event: 6.590 Thread 0x000002186c25a000 DEOPT PACKING pc=0x00000218186d8094 sp=0x000000455aeef8f0
Event: 6.590 Thread 0x000002186c25a000 DEOPT UNPACKING pc=0x0000021818093aa2 sp=0x000000455aeef898 mode 2

Classes loaded (20 events):
Event: 4.578 Loading class java/util/zip/GZIPInputStream
Event: 4.578 Loading class java/util/zip/GZIPInputStream done
Event: 7.627 Loading class java/io/StringReader
Event: 7.627 Loading class java/io/StringReader done
Event: 8.650 Loading class java/net/SocketTimeoutException
Event: 8.650 Loading class java/io/InterruptedIOException
Event: 8.650 Loading class java/io/InterruptedIOException done
Event: 8.651 Loading class java/net/SocketTimeoutException done
Event: 8.651 Loading class java/net/SocketException
Event: 8.651 Loading class java/net/SocketException done
Event: 8.651 Loading class java/net/UnknownHostException
Event: 8.651 Loading class java/net/UnknownHostException done
Event: 8.651 Loading class java/net/ProtocolException
Event: 8.651 Loading class java/net/ProtocolException done
Event: 12.715 Loading class java/lang/ThreadLocal$SuppliedThreadLocal
Event: 12.715 Loading class java/lang/ThreadLocal$SuppliedThreadLocal done
Event: 12.724 Loading class java/io/FileWriter
Event: 12.724 Loading class java/io/FileWriter done
Event: 12.772 Loading class java/lang/NegativeArraySizeException
Event: 12.772 Loading class java/lang/NegativeArraySizeException done

Classes unloaded (0 events):
No events

Classes redefined (0 events):
No events

Internal exceptions (20 events):
Event: 4.425 Thread 0x000002186c25a000 Exception <a 'java/lang/NoSuchMethodError'{0x00000000d6375b18}: 'void java.lang.invoke.DirectMethodHandle$Holder.invokeSpecial(java.lang.Object, java.lang.Object, java.lang.Object, int)'> (0x00000000d6375b18) 
thrown [s\src\hotspot\share\interpreter\linkResolver.cpp, line 773]
Event: 4.425 Thread 0x000002186c25a000 Exception <a 'java/lang/NoSuchMethodError'{0x00000000d63794a8}: 'void java.lang.invoke.DelegatingMethodHandle$Holder.reinvoke_L(java.lang.Object, java.lang.Object, int)'> (0x00000000d63794a8) 
thrown [s\src\hotspot\share\interpreter\linkResolver.cpp, line 773]
Event: 4.426 Thread 0x000002186c25a000 Exception <a 'java/lang/NoSuchMethodError'{0x00000000d6380190}: 'int java.lang.invoke.Invokers$Holder.invokeExact_MT(java.lang.Object, java.lang.Object, java.lang.Object)'> (0x00000000d6380190) 
thrown [s\src\hotspot\share\interpreter\linkResolver.cpp, line 773]
Event: 4.441 Thread 0x000002186c25a000 Exception <a 'java/lang/NoSuchMethodError'{0x00000000d648d9d8}: 'void java.lang.invoke.Invokers$Holder.invokeExact_MT(java.lang.Object, java.lang.Object, int, java.lang.Object)'> (0x00000000d648d9d8) 
thrown [s\src\hotspot\share\interpreter\linkResolver.cpp, line 773]
Event: 4.461 Thread 0x000002186c25a000 Exception <a 'java/lang/NoSuchMethodError'{0x00000000d6589438}: 'java.lang.Object java.lang.invoke.DirectMethodHandle$Holder.invokeSpecial(java.lang.Object, java.lang.Object, java.lang.Object, long, java.lang.Object)'> (0x00000000d6589438) 
thrown [s\src\hotspot\share\interpreter\linkResolver.cpp, line 773]
Event: 4.461 Thread 0x000002186c25a000 Exception <a 'java/lang/NoSuchMethodError'{0x00000000d6590c80}: 'java.lang.Object java.lang.invoke.DirectMethodHandle$Holder.newInvokeSpecial(java.lang.Object, java.lang.Object, java.lang.Object, long)'> (0x00000000d6590c80) 
thrown [s\src\hotspot\share\interpreter\linkResolver.cpp, line 773]
Event: 4.462 Thread 0x000002186c25a000 Exception <a 'java/lang/NoSuchMethodError'{0x00000000d6595030}: 'java.lang.Object java.lang.invoke.DirectMethodHandle$Holder.invokeSpecial(java.lang.Object, java.lang.Object, java.lang.Object, java.lang.Object, long)'> (0x00000000d6595030) 
thrown [s\src\hotspot\share\interpreter\linkResolver.cpp, line 773]
Event: 4.462 Thread 0x000002186c25a000 Exception <a 'java/lang/NoSuchMethodError'{0x00000000d6598c50}: 'java.lang.Object java.lang.invoke.Invokers$Holder.linkToTargetMethod(java.lang.Object, java.lang.Object, long, java.lang.Object)'> (0x00000000d6598c50) 
thrown [s\src\hotspot\share\interpreter\linkResolver.cpp, line 773]
Event: 4.468 Thread 0x000002186c25a000 Exception <a 'java/lang/NoSuchMethodError'{0x00000000d660adb0}: 'int java.lang.invoke.DirectMethodHandle$Holder.invokeStaticInit(java.lang.Object, java.lang.Object, java.lang.Object)'> (0x00000000d660adb0) 
thrown [s\src\hotspot\share\interpreter\linkResolver.cpp, line 773]
Event: 4.476 Thread 0x000002186c25a000 Exception <a 'java/lang/IncompatibleClassChangeError'{0x00000000d669a118}: Found class java.lang.Object, but interface was expected> (0x00000000d669a118) 
thrown [s\src\hotspot\share\interpreter\linkResolver.cpp, line 840]
Event: 4.479 Thread 0x000002186c25a000 Exception <a 'java/lang/NoSuchMethodError'{0x00000000d66aced8}: 'java.lang.Object java.lang.invoke.DirectMethodHandle$Holder.invokeSpecial(java.lang.Object, java.lang.Object, java.lang.Object, int, java.lang.Object, java.lang.Object)'> (0x00000000d66aced8) 
thrown [s\src\hotspot\share\interpreter\linkResolver.cpp, line 773]
Event: 4.479 Thread 0x000002186c25a000 Exception <a 'java/lang/NoSuchMethodError'{0x00000000d66b49b0}: 'java.lang.Object java.lang.invoke.DirectMethodHandle$Holder.newInvokeSpecial(java.lang.Object, java.lang.Object, java.lang.Object, int, java.lang.Object)'> (0x00000000d66b49b0) 
thrown [s\src\hotspot\share\interpreter\linkResolver.cpp, line 773]
Event: 4.479 Thread 0x000002186c25a000 Exception <a 'java/lang/NoSuchMethodError'{0x00000000d66b8930}: 'java.lang.Object java.lang.invoke.DirectMethodHandle$Holder.invokeSpecial(java.lang.Object, java.lang.Object, java.lang.Object, java.lang.Object, int, java.lang.Object)'> (0x00000000d66b8930) 
thrown [s\src\hotspot\share\interpreter\linkResolver.cpp, line 773]
Event: 4.480 Thread 0x000002186c25a000 Exception <a 'java/lang/NoSuchMethodError'{0x00000000d66bc470}: 'java.lang.Object java.lang.invoke.Invokers$Holder.linkToTargetMethod(java.lang.Object, java.lang.Object, int, java.lang.Object, java.lang.Object)'> (0x00000000d66bc470) 
thrown [s\src\hotspot\share\interpreter\linkResolver.cpp, line 773]
Event: 4.480 Thread 0x000002186c565770 Exception <a 'java/lang/NoSuchMethodError'{0x00000000d65d6050}: 'java.lang.Object java.lang.invoke.DirectMethodHandle$Holder.invokeSpecial(java.lang.Object, java.lang.Object, int, java.lang.Object, java.lang.Object)'> (0x00000000d65d6050) 
thrown [s\src\hotspot\share\interpreter\linkResolver.cpp, line 773]
Event: 4.481 Thread 0x000002186c565770 Exception <a 'java/lang/NoSuchMethodError'{0x00000000d65dcd88}: 'java.lang.Object java.lang.invoke.DirectMethodHandle$Holder.newInvokeSpecial(java.lang.Object, java.lang.Object, int, java.lang.Object)'> (0x00000000d65dcd88) 
thrown [s\src\hotspot\share\interpreter\linkResolver.cpp, line 773]
Event: 4.482 Thread 0x000002186c565770 Exception <a 'java/lang/NoSuchMethodError'{0x00000000d65e0668}: 'java.lang.Object java.lang.invoke.DirectMethodHandle$Holder.invokeSpecial(java.lang.Object, java.lang.Object, java.lang.Object, int, java.lang.Object)'> (0x00000000d65e0668) 
thrown [s\src\hotspot\share\interpreter\linkResolver.cpp, line 773]
Event: 4.506 Thread 0x000002186c25a000 Exception <a 'java/lang/NoSuchMethodError'{0x00000000d67daaa0}: 'void java.lang.invoke.DirectMethodHandle$Holder.invokeSpecial(java.lang.Object, java.lang.Object, java.lang.Object, java.lang.Object, java.lang.Object)'> (0x00000000d67daaa0) 
thrown [s\src\hotspot\share\interpreter\linkResolver.cpp, line 773]
Event: 4.563 Thread 0x000002186c25a000 Exception <a 'java/lang/NoSuchMethodError'{0x00000000d69f2830}: 'double java.lang.invoke.DirectMethodHandle$Holder.invokeStatic(java.lang.Object, java.lang.Object)'> (0x00000000d69f2830) 
thrown [s\src\hotspot\share\interpreter\linkResolver.cpp, line 773]
Event: 4.564 Thread 0x000002186c25a000 Exception <a 'java/lang/NoSuchMethodError'{0x00000000d69f5ef0}: 'double java.lang.invoke.DirectMethodHandle$Holder.invokeStaticInit(java.lang.Object, java.lang.Object)'> (0x00000000d69f5ef0) 
thrown [s\src\hotspot\share\interpreter\linkResolver.cpp, line 773]

ZGC Phase Switch (0 events):
No events

VM Operations (20 events):
Event: 2.912 Executing non-safepoint VM operation: HandshakeAllThreads (Deoptimize) done
Event: 3.013 Executing safepoint VM operation: ParallelGCFailedAllocation (Allocation Failure)
Event: 3.018 Executing safepoint VM operation: ParallelGCFailedAllocation (Allocation Failure) done
Event: 3.060 Executing non-safepoint VM operation: HandshakeAllThreads (Deoptimize)
Event: 3.060 Executing non-safepoint VM operation: HandshakeAllThreads (Deoptimize) done
Event: 3.062 Executing non-safepoint VM operation: HandshakeAllThreads (Deoptimize)
Event: 3.062 Executing non-safepoint VM operation: HandshakeAllThreads (Deoptimize) done
Event: 3.076 Executing non-safepoint VM operation: HandshakeAllThreads (Deoptimize)
Event: 3.076 Executing non-safepoint VM operation: HandshakeAllThreads (Deoptimize) done
Event: 4.084 Executing safepoint VM operation: Cleanup
Event: 4.084 Executing safepoint VM operation: Cleanup done
Event: 4.412 Executing non-safepoint VM operation: HandshakeAllThreads (Deoptimize)
Event: 4.412 Executing non-safepoint VM operation: HandshakeAllThreads (Deoptimize) done
Event: 5.419 Executing safepoint VM operation: Cleanup
Event: 6.590 Executing safepoint VM operation: Cleanup done
Event: 7.592 Executing safepoint VM operation: Cleanup
Event: 7.620 Executing safepoint VM operation: Cleanup done
Event: 12.727 Executing safepoint VM operation: ParallelGCFailedAllocation (Allocation Failure)
Event: 12.734 Executing safepoint VM operation: ParallelGCFailedAllocation (Allocation Failure) done
Event: 13.738 Executing safepoint VM operation: Cleanup

Memory protections (0 events):
No events

Nmethod flushes (0 events):
No events

Events (20 events):
Event: 0.304 Thread 0x000002180d909f60 Thread added: 0x00000218676b4300
Event: 0.434 Thread 0x000002186737f920 Thread added: 0x00000218678cfc20
Event: 1.553 Thread 0x00000218678cfc20 Thread exited: 0x00000218678cfc20
Event: 1.555 Thread 0x0000021867551660 Thread exited: 0x0000021867551660
Event: 1.666 Thread 0x000002186737f920 Thread added: 0x000002186786ecc0
Event: 2.064 Thread 0x000002186737f920 Thread added: 0x0000021867bf82d0
Event: 2.333 Thread 0x000002180d909f60 Thread added: 0x0000021867e1aed0
Event: 2.564 Thread 0x000002180d909f60 Thread added: 0x000002186c3e2010
Event: 2.569 Thread 0x000002180d909f60 Thread added: 0x000002186c25a000
Event: 2.701 Thread 0x000002186c25a000 Thread added: 0x0000021867d24df0
Event: 2.939 Thread 0x000002186c25a000 Thread added: 0x000002186c2a01f0
Event: 4.084 Thread 0x0000021867bf82d0 Thread exited: 0x0000021867bf82d0
Event: 4.084 Thread 0x000002186786ecc0 Thread exited: 0x000002186786ecc0
Event: 4.432 Thread 0x000002186c25a000 Thread added: 0x000002186c564a40
Event: 4.464 Thread 0x000002186c25a000 Thread added: 0x000002186c565770
Event: 4.481 Thread 0x000002186c25a000 Thread added: 0x000002186c517500
Event: 7.625 Thread 0x000002186737f920 Thread added: 0x000002186c5df4c0
Event: 7.626 Thread 0x000002186737f920 Thread added: 0x000002186c5dfb70
Event: 13.345 Thread 0x000002186c5dfb70 Thread exited: 0x000002186c5dfb70
Event: 13.582 Thread 0x000002186c5df4c0 Thread exited: 0x000002186c5df4c0


Dynamic libraries:
0x00007ff707540000 - 0x00007ff70754e000 	c:\Users\gessi\.vscode\extensions\redhat.java-1.54.0-win32-x64\jre\21.0.10-win32-x86_64\bin\java.exe
0x00007ff814700000 - 0x00007ff814967000 	C:\Windows\SYSTEM32\ntdll.dll
0x00007ff8141a0000 - 0x00007ff814269000 	C:\Windows\System32\KERNEL32.DLL
0x00007ff811090000 - 0x00007ff811481000 	C:\Windows\System32\KERNELBASE.dll
0x00007ff811490000 - 0x00007ff8115db000 	C:\Windows\System32\ucrtbase.dll
0x00007ffffda80000 - 0x00007ffffda98000 	c:\Users\gessi\.vscode\extensions\redhat.java-1.54.0-win32-x64\jre\21.0.10-win32-x86_64\bin\jli.dll
0x00007ff801ad0000 - 0x00007ff801aee000 	c:\Users\gessi\.vscode\extensions\redhat.java-1.54.0-win32-x64\jre\21.0.10-win32-x86_64\bin\VCRUNTIME140.dll
0x00007ff812da0000 - 0x00007ff812f65000 	C:\Windows\System32\USER32.dll
0x00007ffff6920000 - 0x00007ffff6bb3000 	C:\Windows\WinSxS\amd64_microsoft.windows.common-controls_6595b64144ccf1df_6.0.26100.8037_none_3e092faae333b53b\COMCTL32.dll
0x00007ff812340000 - 0x00007ff812367000 	C:\Windows\System32\win32u.dll
0x00007ff812f70000 - 0x00007ff813019000 	C:\Windows\System32\msvcrt.dll
0x00007ff814620000 - 0x00007ff81464b000 	C:\Windows\System32\GDI32.dll
0x00007ff812370000 - 0x00007ff81249b000 	C:\Windows\System32\gdi32full.dll
0x00007ff810fe0000 - 0x00007ff811083000 	C:\Windows\System32\msvcp_win.dll
0x00007ff814650000 - 0x00007ff814681000 	C:\Windows\System32\IMM32.DLL
0x00007ff803bc0000 - 0x00007ff803bcc000 	c:\Users\gessi\.vscode\extensions\redhat.java-1.54.0-win32-x64\jre\21.0.10-win32-x86_64\bin\vcruntime140_1.dll
0x00007fffed440000 - 0x00007fffed4cd000 	c:\Users\gessi\.vscode\extensions\redhat.java-1.54.0-win32-x64\jre\21.0.10-win32-x86_64\bin\msvcp140.dll
0x00007fff570c0000 - 0x00007fff57e61000 	c:\Users\gessi\.vscode\extensions\redhat.java-1.54.0-win32-x64\jre\21.0.10-win32-x86_64\bin\server\jvm.dll
0x00007ff812670000 - 0x00007ff81272b000 	C:\Windows\System32\ADVAPI32.dll
0x00007ff812730000 - 0x00007ff8127d7000 	C:\Windows\System32\sechost.dll
0x00007ff814270000 - 0x00007ff814388000 	C:\Windows\System32\RPCRT4.dll
0x00007ff814590000 - 0x00007ff814604000 	C:\Windows\System32\WS2_32.dll
0x00007ff810e40000 - 0x00007ff810e9e000 	C:\Windows\SYSTEM32\POWRPROF.dll
0x00007ff8099d0000 - 0x00007ff809a05000 	C:\Windows\SYSTEM32\WINMM.dll
0x00007ff808fe0000 - 0x00007ff808feb000 	C:\Windows\SYSTEM32\VERSION.dll
0x00007ff810e10000 - 0x00007ff810e24000 	C:\Windows\SYSTEM32\UMPDC.dll
0x00007ff80fd70000 - 0x00007ff80fd8b000 	C:\Windows\SYSTEM32\kernel.appcore.dll
0x00007ff803b60000 - 0x00007ff803b6a000 	c:\Users\gessi\.vscode\extensions\redhat.java-1.54.0-win32-x64\jre\21.0.10-win32-x86_64\bin\jimage.dll
0x00007ffff6c10000 - 0x00007ffff6e52000 	C:\Windows\SYSTEM32\DBGHELP.DLL
0x00007ff813330000 - 0x00007ff8136b2000 	C:\Windows\System32\combase.dll
0x00007ff813020000 - 0x00007ff8130f7000 	C:\Windows\System32\OLEAUT32.dll
0x00007ffff9ba0000 - 0x00007ffff9bdb000 	C:\Windows\SYSTEM32\dbgcore.DLL
0x00007ff811760000 - 0x00007ff811805000 	C:\Windows\System32\bcryptPrimitives.dll
0x00007fffffdf0000 - 0x00007fffffdff000 	c:\Users\gessi\.vscode\extensions\redhat.java-1.54.0-win32-x64\jre\21.0.10-win32-x86_64\bin\instrument.dll
0x00007ffffad00000 - 0x00007ffffad20000 	c:\Users\gessi\.vscode\extensions\redhat.java-1.54.0-win32-x64\jre\21.0.10-win32-x86_64\bin\java.dll
0x00007ff813850000 - 0x00007ff813faf000 	C:\Windows\System32\SHELL32.dll
0x00007ff812110000 - 0x00007ff81227a000 	C:\Windows\System32\wintypes.dll
0x00007ff8118a0000 - 0x00007ff812104000 	C:\Windows\System32\windows.storage.dll
0x00007ff813230000 - 0x00007ff813327000 	C:\Windows\System32\SHCORE.dll
0x00007ff813100000 - 0x00007ff813167000 	C:\Windows\System32\shlwapi.dll
0x00007ff810f00000 - 0x00007ff810f29000 	C:\Windows\SYSTEM32\profapi.dll
0x00007ffffaac0000 - 0x00007ffffaad8000 	c:\Users\gessi\.vscode\extensions\redhat.java-1.54.0-win32-x64\jre\21.0.10-win32-x86_64\bin\zip.dll
0x00007ffffcf60000 - 0x00007ffffcf70000 	C:\Users\gessi\.vscode\extensions\redhat.java-1.54.0-win32-x64\jre\21.0.10-win32-x86_64\bin\net.dll
0x00007ff80b650000 - 0x00007ff80b777000 	C:\Windows\SYSTEM32\WINHTTP.dll
0x00007ff8102e0000 - 0x00007ff81034b000 	C:\Windows\system32\mswsock.dll
0x00007ffffa4b0000 - 0x00007ffffa4c6000 	C:\Users\gessi\.vscode\extensions\redhat.java-1.54.0-win32-x64\jre\21.0.10-win32-x86_64\bin\nio.dll
0x00007ffffba50000 - 0x00007ffffba60000 	c:\Users\gessi\.vscode\extensions\redhat.java-1.54.0-win32-x64\jre\21.0.10-win32-x86_64\bin\verify.dll
0x00007fffeb110000 - 0x00007fffeb155000 	C:\Users\gessi\AppData\Roaming\Code\User\globalStorage\redhat.java\1.54.0\config_ss_win\org.eclipse.equinox.launcher\org.eclipse.equinox.launcher.win32.win32.x86_64_1.3.0.v20260203-2149\eclipse_11919.dll
0x00007ff8143f0000 - 0x00007ff814585000 	C:\Windows\System32\ole32.dll
0x00007ff8105c0000 - 0x00007ff8105db000 	C:\Windows\SYSTEM32\CRYPTSP.dll
0x00007ff80fcd0000 - 0x00007ff80fd09000 	C:\Windows\system32\rsaenh.dll
0x00007ff810390000 - 0x00007ff8103c2000 	C:\Windows\SYSTEM32\USERENV.dll
0x00007ff810ed0000 - 0x00007ff810efa000 	C:\Windows\SYSTEM32\bcrypt.dll
0x00007ff8105e0000 - 0x00007ff8105ec000 	C:\Windows\SYSTEM32\CRYPTBASE.dll
0x00007ff80f740000 - 0x00007ff80f773000 	C:\Windows\SYSTEM32\IPHLPAPI.DLL
0x00007ff812660000 - 0x00007ff81266a000 	C:\Windows\System32\NSI.dll
0x00007fffe8340000 - 0x00007fffe8389000 	C:\Users\gessi\AppData\Local\Temp\jna-98245739\jna17527724926633355155.dll
0x00007ff814610000 - 0x00007ff814618000 	C:\Windows\System32\PSAPI.DLL

JVMTI agents:
c:\Users\gessi\.vscode\extensions\redhat.java-1.54.0-win32-x64\lombok\lombok-1.18.39-4050.jar path:c:\Users\gessi\.vscode\extensions\redhat.java-1.54.0-win32-x64\jre\21.0.10-win32-x86_64\bin\instrument.dll, loaded, initialized, instrumentlib options:none

dbghelp: loaded successfully - version: 4.0.5 - missing functions: none
symbol engine: initialized successfully - sym options: 0x614 - pdb path: .;c:\Users\gessi\.vscode\extensions\redhat.java-1.54.0-win32-x64\jre\21.0.10-win32-x86_64\bin;C:\Windows\SYSTEM32;C:\Windows\WinSxS\amd64_microsoft.windows.common-controls_6595b64144ccf1df_6.0.26100.8037_none_3e092faae333b53b;c:\Users\gessi\.vscode\extensions\redhat.java-1.54.0-win32-x64\jre\21.0.10-win32-x86_64\bin\server;C:\Users\gessi\AppData\Roaming\Code\User\globalStorage\redhat.java\1.54.0\config_ss_win\org.eclipse.equinox.launcher\org.eclipse.equinox.launcher.win32.win32.x86_64_1.3.0.v20260203-2149;C:\Users\gessi\AppData\Local\Temp\jna-98245739

VM Arguments:
jvm_args: --add-modules=ALL-SYSTEM --add-opens=java.base/java.util=ALL-UNNAMED --add-opens=java.base/java.lang=ALL-UNNAMED --add-opens=java.base/sun.nio.fs=ALL-UNNAMED -Declipse.application=org.eclipse.jdt.ls.core.id1 -Dosgi.bundles.defaultStartLevel=4 -Declipse.product=org.eclipse.jdt.ls.core.product -Djava.import.generatesMetadataFilesAtProjectRoot=false -DDetectVMInstallationsJob.disabled=true -Dfile.encoding=utf8 -XX:+UseParallelGC -XX:GCTimeRatio=4 -XX:AdaptiveSizePolicyWeight=90 -Dsun.zip.disableMemoryMapping=true -Xmx2G -Xms100m -Xlog:disable -javaagent:c:\Users\gessi\.vscode\extensions\redhat.java-1.54.0-win32-x64\lombok\lombok-1.18.39-4050.jar 
java_command: c:\Users\gessi\.vscode\extensions\redhat.java-1.54.0-win32-x64\server\plugins\org.eclipse.equinox.launcher_1.7.100.v20251111-0406.jar -configuration c:\Users\gessi\AppData\Roaming\Code\User\globalStorage\redhat.java\1.54.0\config_ss_win -data c:\Users\gessi\AppData\Roaming\Code\User\workspaceStorage\2daf82e2531b6eac9a93a908604aeab0\redhat.java\ss_ws --pipe=\\.\pipe\lsp-407d78b4be86de07ac93b162f1525c12-sock
java_class_path (initial): c:\Users\gessi\.vscode\extensions\redhat.java-1.54.0-win32-x64\server\plugins\org.eclipse.equinox.launcher_1.7.100.v20251111-0406.jar
Launcher Type: SUN_STANDARD

[Global flags]
    uintx AdaptiveSizePolicyWeight                 = 90                                        {product} {command line}
     intx CICompilerCount                          = 4                                         {product} {ergonomic}
    uintx GCTimeRatio                              = 4                                         {product} {command line}
   size_t InitialHeapSize                          = 104857600                                 {product} {command line}
   size_t MaxHeapSize                              = 2147483648                                {product} {command line}
   size_t MaxNewSize                               = 715653120                                 {product} {ergonomic}
   size_t MinHeapDeltaBytes                        = 524288                                    {product} {ergonomic}
   size_t MinHeapSize                              = 104857600                                 {product} {command line}
   size_t NewSize                                  = 34603008                                  {product} {ergonomic}
    uintx NonNMethodCodeHeapSize                   = 5839372                                {pd product} {ergonomic}
    uintx NonProfiledCodeHeapSize                  = 122909434                              {pd product} {ergonomic}
   size_t OldSize                                  = 70254592                                  {product} {ergonomic}
    uintx ProfiledCodeHeapSize                     = 122909434                              {pd product} {ergonomic}
    uintx ReservedCodeCacheSize                    = 251658240                              {pd product} {ergonomic}
     bool SegmentedCodeCache                       = true                                      {product} {ergonomic}
   size_t SoftMaxHeapSize                          = 2147483648                             {manageable} {ergonomic}
     bool UseCompressedOops                        = true                           {product lp64_product} {ergonomic}
     bool UseLargePagesIndividualAllocation        = false                                  {pd product} {ergonomic}
     bool UseParallelGC                            = true                                      {product} {command line}

Logging:
Log output configuration:
 #0: stdout all=off uptime,level,tags foldmultilines=false
 #1: stderr all=off uptime,level,tags foldmultilines=false

Release file:
JAVA_VERSION="21.0.10" 
MODULES="java.base java.compiler java.datatransfer java.xml java.prefs java.desktop java.instrument java.logging java.management java.security.sasl java.naming java.rmi java.management.rmi java.net.http java.scripting java.security.jgss java.transaction.xa java.sql java.sql.rowset java.xml.crypto java.se java.smartcardio jdk.accessibility jdk.internal.jvmstat jdk.attach jdk.charsets jdk.internal.opt jdk.zipfs jdk.compiler jdk.crypto.ec jdk.crypto.cryptoki jdk.crypto.mscapi jdk.dynalink jdk.internal.ed jdk.editpad jdk.hotspot.agent jdk.httpserver jdk.internal.le jdk.internal.vm.ci jdk.internal.vm.compiler jdk.internal.vm.compiler.management jdk.jartool jdk.javadoc jdk.jcmd jdk.management jdk.management.agent jdk.jconsole jdk.jdeps jdk.jdwp.agent jdk.jdi jdk.jfr jdk.jshell jdk.jsobject jdk.jstatd jdk.localedata jdk.management.jfr jdk.naming.dns jdk.naming.rmi jdk.net jdk.nio.mapmode jdk.random jdk.sctp jdk.security.auth jdk.security.jgss jdk.unsupported jdk.unsupported.desktop jdk.xml.dom" 

Environment Variables:
JAVA_HOME=C:\Program Files\Java\jdk-21
PATH=C:\Users\gessi\AppData\Local\Programs\Microsoft VS Code;C:\Program Files\Common Files\Oracle\Java\javapath;C:\Windows\system32;C:\Windows;C:\Windows\System32\Wbem;C:\Windows\System32\WindowsPowerShell\v1.0\;C:\Windows\System32\OpenSSH\;C:\ProgramData\UNIVALI\Portugol Studio;%JAVA_HOME%\bin;%MAVEN_HOME%\bin;C:\Program Files\Git\cmd;C:\Users\gessi\AppData\Local\Programs\Python\Launcher\;C:\Users\gessi\AppData\Local\Microsoft\WindowsApps;C:\Users\gessi\AppData\Local\GitHubDesktop\bin;C:\Users\gessi\AppData\Local\Programs\Microsoft VS Code\bin
USERNAME=gessi
OS=Windows_NT
PROCESSOR_IDENTIFIER=Intel64 Family 6 Model 186 Stepping 3, GenuineIntel
TMP=C:\Users\gessi\AppData\Local\Temp
TEMP=C:\Users\gessi\AppData\Local\Temp




Periodic native trim disabled

---------------  S Y S T E M  ---------------

OS:
 Windows 11 , 64 bit Build 26100 (10.0.26100.7920)
OS uptime: 4 days 13:22 hours
Hyper-V role detected

CPU: total 12 (initial active 12) (6 cores per cpu, 2 threads per core) family 6 model 186 stepping 3 microcode 0x411f, cx8, cmov, fxsr, ht, mmx, 3dnowpref, sse, sse2, sse3, ssse3, sse4.1, sse4.2, popcnt, lzcnt, tsc, tscinvbit, avx, avx2, aes, erms, clmul, bmi1, bmi2, adx, sha, fma, vzeroupper, clflush, clflushopt, clwb, hv, serialize, rdtscp, rdpid, fsrm, f16c, cet_ibt, cet_ss
Processor Information for processor 0
  Max Mhz: 1700, Current Mhz: 1700, Mhz Limit: 1700
Processor Information for processor 1
  Max Mhz: 1700, Current Mhz: 1700, Mhz Limit: 1700
Processor Information for processor 2
  Max Mhz: 1700, Current Mhz: 1700, Mhz Limit: 1700
Processor Information for processor 3
  Max Mhz: 1700, Current Mhz: 1700, Mhz Limit: 1700
Processor Information for processor 4
  Max Mhz: 1700, Current Mhz: 1200, Mhz Limit: 1190
Processor Information for processor 5
  Max Mhz: 1700, Current Mhz: 1200, Mhz Limit: 1190
Processor Information for processor 6
  Max Mhz: 1700, Current Mhz: 1200, Mhz Limit: 1190
Processor Information for processor 7
  Max Mhz: 1700, Current Mhz: 1200, Mhz Limit: 1190
Processor Information for processor 8
  Max Mhz: 1700, Current Mhz: 1200, Mhz Limit: 1190
Processor Information for processor 9
  Max Mhz: 1700, Current Mhz: 1200, Mhz Limit: 1190
Processor Information for processor 10
  Max Mhz: 1700, Current Mhz: 1200, Mhz Limit: 1190
Processor Information for processor 11
  Max Mhz: 1700, Current Mhz: 1200, Mhz Limit: 1190

Memory: 4k page, system-wide physical 16067M (4473M free)
TotalPageFile size 16067M (AvailPageFile size 7M)
current process WorkingSet (physical memory assigned to process): 132M, peak: 132M
current process commit charge ("private bytes"): 278M, peak: 279M

vm_info: OpenJDK 64-Bit Server VM (21.0.10+7-LTS) for windows-amd64 JRE (21.0.10+7-LTS), built on 2026-01-20T00:00:00Z by "admin" with MS VC++ 17.12 (VS2022)

END.
